[debug] [2021-01-27T09:36:10.424Z] ----------------------------------------------------------------------
[debug] [2021-01-27T09:36:10.426Z] Command:       /usr/local/Cellar/node/15.3.0/bin/node /usr/local/bin/firebase deploy --only functions
[debug] [2021-01-27T09:36:10.426Z] CLI Version:   8.4.3
[debug] [2021-01-27T09:36:10.426Z] Platform:      darwin
[debug] [2021-01-27T09:36:10.426Z] Node Version:  v15.3.0
[debug] [2021-01-27T09:36:10.427Z] Time:          Wed Jan 27 2021 09:36:10 GMT+0000 (Greenwich Mean Time)
[debug] [2021-01-27T09:36:10.427Z] ----------------------------------------------------------------------
[debug] [2021-01-27T09:36:10.427Z] 
[debug] [2021-01-27T09:36:10.443Z] > command requires scopes: ["email","openid","https://www.googleapis.com/auth/cloudplatformprojects.readonly","https://www.googleapis.com/auth/firebase","https://www.googleapis.com/auth/cloud-platform"]
[debug] [2021-01-27T09:36:10.443Z] > authorizing via signed-in user
[debug] [2021-01-27T09:36:10.444Z] [iam] checking project livecoach-dev for permissions ["cloudfunctions.functions.create","cloudfunctions.functions.delete","cloudfunctions.functions.get","cloudfunctions.functions.list","cloudfunctions.functions.update","cloudfunctions.operations.get","firebase.projects.get"]
[debug] [2021-01-27T09:36:10.446Z] > refreshing access token with scopes: ["email","https://www.googleapis.com/auth/cloud-platform","https://www.googleapis.com/auth/cloudplatformprojects.readonly","https://www.googleapis.com/auth/firebase","openid"]
[debug] [2021-01-27T09:36:10.446Z] >>> HTTP REQUEST POST https://www.googleapis.com/oauth2/v3/token  
 <request body omitted>
[debug] [2021-01-27T09:36:10.586Z] <<< HTTP RESPONSE 200 {"cache-control":"no-cache, no-store, max-age=0, must-revalidate","pragma":"no-cache","expires":"Mon, 01 Jan 1990 00:00:00 GMT","date":"Wed, 27 Jan 2021 09:36:10 GMT","content-type":"application/json; charset=utf-8","vary":"X-Origin, Referer, Origin,Accept-Encoding","server":"scaffolding on HTTPServer2","x-xss-protection":"0","x-frame-options":"SAMEORIGIN","x-content-type-options":"nosniff","alt-svc":"h3-29=\":443\"; ma=2592000,h3-T051=\":443\"; ma=2592000,h3-Q050=\":443\"; ma=2592000,h3-Q046=\":443\"; ma=2592000,h3-Q043=\":443\"; ma=2592000,quic=\":443\"; ma=2592000; v=\"46,43\"","accept-ranges":"none","transfer-encoding":"chunked"}
[debug] [2021-01-27T09:36:10.603Z] >>> HTTP REQUEST POST https://cloudresourcemanager.googleapis.com/v1/projects/livecoach-dev:testIamPermissions  
 {"permissions":["cloudfunctions.functions.create","cloudfunctions.functions.delete","cloudfunctions.functions.get","cloudfunctions.functions.list","cloudfunctions.functions.update","cloudfunctions.operations.get","firebase.projects.get"]}
[debug] [2021-01-27T09:36:11.258Z] <<< HTTP RESPONSE 200 {"content-type":"application/json; charset=UTF-8","vary":"X-Origin, Referer, Origin,Accept-Encoding","date":"Wed, 27 Jan 2021 09:36:11 GMT","server":"ESF","cache-control":"private","x-xss-protection":"0","x-frame-options":"SAMEORIGIN","x-content-type-options":"nosniff","server-timing":"gfet4t7; dur=581","alt-svc":"h3-29=\":443\"; ma=2592000,h3-T051=\":443\"; ma=2592000,h3-Q050=\":443\"; ma=2592000,h3-Q046=\":443\"; ma=2592000,h3-Q043=\":443\"; ma=2592000,quic=\":443\"; ma=2592000; v=\"46,43\"","accept-ranges":"none","transfer-encoding":"chunked"}
[debug] [2021-01-27T09:36:11.259Z] >>> HTTP REQUEST POST https://iam.googleapis.com/v1/projects/livecoach-dev/serviceAccounts/livecoach-dev@appspot.gserviceaccount.com:testIamPermissions  
 {"permissions":["iam.serviceAccounts.actAs"]}
[debug] [2021-01-27T09:36:11.469Z] <<< HTTP RESPONSE 200 {"content-type":"application/json; charset=UTF-8","vary":"X-Origin, Referer, Origin,Accept-Encoding","date":"Wed, 27 Jan 2021 09:36:11 GMT","server":"ESF","cache-control":"private","x-xss-protection":"0","x-frame-options":"SAMEORIGIN","x-content-type-options":"nosniff","alt-svc":"h3-29=\":443\"; ma=2592000,h3-T051=\":443\"; ma=2592000,h3-Q050=\":443\"; ma=2592000,h3-Q046=\":443\"; ma=2592000,h3-Q043=\":443\"; ma=2592000,quic=\":443\"; ma=2592000; v=\"46,43\"","accept-ranges":"none","transfer-encoding":"chunked"}
[warn] ⚠  functions: package.json indicates an outdated version of firebase-functions.
Please upgrade using npm install --save firebase-functions@latest in your functions directory. 
[info] 
[info] === Deploying to 'livecoach-dev'...
[info] 
[info] i  deploying functions 
[info] Running command: npm --prefix "$RESOURCE_DIR" run lint
[info] Running command: npm --prefix "$RESOURCE_DIR" run build
[info] ✔  functions: Finished running predeploy script. 
[debug] [2021-01-27T09:36:33.085Z] > [functions] package.json contents: {
  "name": "functions",
  "scripts": {
    "lint": "tslint --project tsconfig.json",
    "build": "node cp-angular && tsc",
    "serve": "npm run build && firebase serve --only functions",
    "shell": "npm run build && firebase functions:shell",
    "start": "npm run shell",
    "deploy": "firebase deploy --only functions",
    "logs": "firebase functions:log"
  },
  "engines": {
    "node": "10"
  },
  "main": "lib/index.js",
  "dependencies": {
    "@angular/fire": "^5.2.3",
    "@google-cloud/storage": "^5.7.0",
    "@types/algoliasearch": "^3.34.5",
    "@types/node-fetch": "^2.5.4",
    "@types/nodemailer": "^6.4.0",
    "@types/nodemailer-smtp-transport": "^2.7.4",
    "@types/sharp": "^0.26.1",
    "algoliasearch": "^3.35.1",
    "cors": "^2.8.5",
    "country-flag-emoji": "^1.0.3",
    "firebase": "^8.2.3",
    "firebase-admin": "^9.4.2",
    "firebase-functions": "^3.11.0",
    "firebase-tools": "^9.2.1",
    "fs-extra": "^8.1.0",
    "jsonwebtoken": "^8.5.1",
    "mailchimp-api-v3": "^1.13.1",
    "node-fetch": "^2.6.1",
    "nodemailer": "^6.4.2",
    "nodemailer-smtp-transport": "^2.7.4",
    "sharp": "^0.27.0",
    "stripe": "^8.19.0",
    "twilio": "^3.55.0"
  },
  "devDependencies": {
    "@types/stripe": "^7.13.21",
    "firebase-functions-test": "^0.1.6",
    "tslint": "^5.12.0",
    "typescript": "^3.2.2"
  },
  "private": true
}
[info] i  functions: ensuring required API cloudfunctions.googleapis.com is enabled... 
[debug] [2021-01-27T09:36:34.954Z] [functions] runtime dependency check dates: warning: 2020-05-21T00:00:00.000Z error: 2020-07-09T00:00:00.000Z
[info] i  functions: ensuring required API cloudbuild.googleapis.com is enabled... 
[debug] [2021-01-27T09:36:34.954Z] >>> HTTP REQUEST GET https://serviceusage.googleapis.com/v1/projects/livecoach-dev/services/cloudfunctions.googleapis.com  
 
[debug] [2021-01-27T09:36:34.955Z] >>> HTTP REQUEST GET https://serviceusage.googleapis.com/v1/projects/livecoach-dev/services/runtimeconfig.googleapis.com  
 
[debug] [2021-01-27T09:36:34.955Z] >>> HTTP REQUEST GET https://serviceusage.googleapis.com/v1/projects/livecoach-dev/services/cloudbuild.googleapis.com  
 
[debug] [2021-01-27T09:36:35.770Z] <<< HTTP RESPONSE 200 {"content-type":"application/json; charset=UTF-8","vary":"X-Origin, Referer, Origin,Accept-Encoding","date":"Wed, 27 Jan 2021 09:36:35 GMT","server":"ESF","cache-control":"private","x-xss-protection":"0","x-frame-options":"SAMEORIGIN","x-content-type-options":"nosniff","alt-svc":"h3-29=\":443\"; ma=2592000,h3-T051=\":443\"; ma=2592000,h3-Q050=\":443\"; ma=2592000,h3-Q046=\":443\"; ma=2592000,h3-Q043=\":443\"; ma=2592000,quic=\":443\"; ma=2592000; v=\"46,43\"","accept-ranges":"none","transfer-encoding":"chunked"}
[info] ✔  functions: required API cloudbuild.googleapis.com is enabled 
[debug] [2021-01-27T09:36:35.785Z] <<< HTTP RESPONSE 200 {"content-type":"application/json; charset=UTF-8","vary":"X-Origin, Referer, Origin,Accept-Encoding","date":"Wed, 27 Jan 2021 09:36:35 GMT","server":"ESF","cache-control":"private","x-xss-protection":"0","x-frame-options":"SAMEORIGIN","x-content-type-options":"nosniff","alt-svc":"h3-29=\":443\"; ma=2592000,h3-T051=\":443\"; ma=2592000,h3-Q050=\":443\"; ma=2592000,h3-Q046=\":443\"; ma=2592000,h3-Q043=\":443\"; ma=2592000,quic=\":443\"; ma=2592000; v=\"46,43\"","accept-ranges":"none","transfer-encoding":"chunked"}
[debug] [2021-01-27T09:36:35.820Z] <<< HTTP RESPONSE 200 {"content-type":"application/json; charset=UTF-8","vary":"X-Origin, Referer, Origin,Accept-Encoding","date":"Wed, 27 Jan 2021 09:36:35 GMT","server":"ESF","cache-control":"private","x-xss-protection":"0","x-frame-options":"SAMEORIGIN","x-content-type-options":"nosniff","alt-svc":"h3-29=\":443\"; ma=2592000,h3-T051=\":443\"; ma=2592000,h3-Q050=\":443\"; ma=2592000,h3-Q046=\":443\"; ma=2592000,h3-Q043=\":443\"; ma=2592000,quic=\":443\"; ma=2592000; v=\"46,43\"","accept-ranges":"none","transfer-encoding":"chunked"}
[info] ✔  functions: required API cloudfunctions.googleapis.com is enabled 
[debug] [2021-01-27T09:36:35.821Z] >>> HTTP REQUEST GET https://firebase.googleapis.com/v1beta1/projects/livecoach-dev/adminSdkConfig  
 
[debug] [2021-01-27T09:36:36.367Z] <<< HTTP RESPONSE 200 {"content-type":"application/json; charset=UTF-8","vary":"X-Origin, Referer, Origin,Accept-Encoding","date":"Wed, 27 Jan 2021 09:36:36 GMT","server":"ESF","cache-control":"private","x-xss-protection":"0","x-frame-options":"SAMEORIGIN","x-content-type-options":"nosniff","alt-svc":"h3-29=\":443\"; ma=2592000,h3-T051=\":443\"; ma=2592000,h3-Q050=\":443\"; ma=2592000,h3-Q046=\":443\"; ma=2592000,h3-Q043=\":443\"; ma=2592000,quic=\":443\"; ma=2592000; v=\"46,43\"","accept-ranges":"none","transfer-encoding":"chunked"}
[info] i  functions: preparing functions directory for uploading... 
[debug] [2021-01-27T09:36:36.369Z] >>> HTTP REQUEST GET https://runtimeconfig.googleapis.com/v1beta1/projects/livecoach-dev/configs  
 
[debug] [2021-01-27T09:36:36.982Z] <<< HTTP RESPONSE 200 {"content-type":"application/json; charset=UTF-8","vary":"X-Origin, Referer, Origin,Accept-Encoding","date":"Wed, 27 Jan 2021 09:36:36 GMT","server":"ESF","cache-control":"private","x-xss-protection":"0","x-frame-options":"SAMEORIGIN","x-content-type-options":"nosniff","alt-svc":"h3-29=\":443\"; ma=2592000,h3-T051=\":443\"; ma=2592000,h3-Q050=\":443\"; ma=2592000,h3-Q046=\":443\"; ma=2592000,h3-Q043=\":443\"; ma=2592000,quic=\":443\"; ma=2592000; v=\"46,43\"","accept-ranges":"none","transfer-encoding":"chunked"}
[debug] [2021-01-27T09:36:36.985Z] >>> HTTP REQUEST GET https://runtimeconfig.googleapis.com/v1beta1/projects/livecoach-dev/configs/mailchimp/variables  
 
[debug] [2021-01-27T09:36:36.985Z] >>> HTTP REQUEST GET https://runtimeconfig.googleapis.com/v1beta1/projects/livecoach-dev/configs/fb/variables  
 
[debug] [2021-01-27T09:36:36.985Z] >>> HTTP REQUEST GET https://runtimeconfig.googleapis.com/v1beta1/projects/livecoach-dev/configs/nodemailer/variables  
 
[debug] [2021-01-27T09:36:36.986Z] >>> HTTP REQUEST GET https://runtimeconfig.googleapis.com/v1beta1/projects/livecoach-dev/configs/rebrandly/variables  
 
[debug] [2021-01-27T09:36:36.986Z] >>> HTTP REQUEST GET https://runtimeconfig.googleapis.com/v1beta1/projects/livecoach-dev/configs/bucket/variables  
 
[debug] [2021-01-27T09:36:36.986Z] >>> HTTP REQUEST GET https://runtimeconfig.googleapis.com/v1beta1/projects/livecoach-dev/configs/algolia/variables  
 
[debug] [2021-01-27T09:36:36.986Z] >>> HTTP REQUEST GET https://runtimeconfig.googleapis.com/v1beta1/projects/livecoach-dev/configs/nolt/variables  
 
[debug] [2021-01-27T09:36:36.987Z] >>> HTTP REQUEST GET https://runtimeconfig.googleapis.com/v1beta1/projects/livecoach-dev/configs/openx/variables  
 
[debug] [2021-01-27T09:36:36.987Z] >>> HTTP REQUEST GET https://runtimeconfig.googleapis.com/v1beta1/projects/livecoach-dev/configs/stripe/variables  
 
[debug] [2021-01-27T09:36:36.987Z] >>> HTTP REQUEST GET https://runtimeconfig.googleapis.com/v1beta1/projects/livecoach-dev/configs/twilio/variables  
 
[debug] [2021-01-27T09:36:37.290Z] <<< HTTP RESPONSE 200 {"content-type":"application/json; charset=UTF-8","vary":"X-Origin, Referer, Origin,Accept-Encoding","date":"Wed, 27 Jan 2021 09:36:37 GMT","server":"ESF","cache-control":"private","x-xss-protection":"0","x-frame-options":"SAMEORIGIN","x-content-type-options":"nosniff","alt-svc":"h3-29=\":443\"; ma=2592000,h3-T051=\":443\"; ma=2592000,h3-Q050=\":443\"; ma=2592000,h3-Q046=\":443\"; ma=2592000,h3-Q043=\":443\"; ma=2592000,quic=\":443\"; ma=2592000; v=\"46,43\"","accept-ranges":"none","transfer-encoding":"chunked"}
[debug] [2021-01-27T09:36:37.291Z] >>> HTTP REQUEST GET https://runtimeconfig.googleapis.com/v1beta1/projects/livecoach-dev/configs/stripe/variables/prod/webhooksecret  
 
[debug] [2021-01-27T09:36:37.291Z] >>> HTTP REQUEST GET https://runtimeconfig.googleapis.com/v1beta1/projects/livecoach-dev/configs/stripe/variables/prod/secretkey  
 
[debug] [2021-01-27T09:36:37.292Z] >>> HTTP REQUEST GET https://runtimeconfig.googleapis.com/v1beta1/projects/livecoach-dev/configs/stripe/variables/prod/webhookconnectsecret  
 
[debug] [2021-01-27T09:36:37.293Z] <<< HTTP RESPONSE 200 {"content-type":"application/json; charset=UTF-8","vary":"X-Origin, Referer, Origin,Accept-Encoding","date":"Wed, 27 Jan 2021 09:36:37 GMT","server":"ESF","cache-control":"private","x-xss-protection":"0","x-frame-options":"SAMEORIGIN","x-content-type-options":"nosniff","alt-svc":"h3-29=\":443\"; ma=2592000,h3-T051=\":443\"; ma=2592000,h3-Q050=\":443\"; ma=2592000,h3-Q046=\":443\"; ma=2592000,h3-Q043=\":443\"; ma=2592000,quic=\":443\"; ma=2592000; v=\"46,43\"","accept-ranges":"none","transfer-encoding":"chunked"}
[debug] [2021-01-27T09:36:37.296Z] >>> HTTP REQUEST GET https://runtimeconfig.googleapis.com/v1beta1/projects/livecoach-dev/configs/fb/variables/token  
 
[debug] [2021-01-27T09:36:37.296Z] <<< HTTP RESPONSE 200 {"content-type":"application/json; charset=UTF-8","vary":"X-Origin, Referer, Origin,Accept-Encoding","date":"Wed, 27 Jan 2021 09:36:37 GMT","server":"ESF","cache-control":"private","x-xss-protection":"0","x-frame-options":"SAMEORIGIN","x-content-type-options":"nosniff","alt-svc":"h3-29=\":443\"; ma=2592000,h3-T051=\":443\"; ma=2592000,h3-Q050=\":443\"; ma=2592000,h3-Q046=\":443\"; ma=2592000,h3-Q043=\":443\"; ma=2592000,quic=\":443\"; ma=2592000; v=\"46,43\"","accept-ranges":"none","transfer-encoding":"chunked"}
[debug] [2021-01-27T09:36:37.297Z] >>> HTTP REQUEST GET https://runtimeconfig.googleapis.com/v1beta1/projects/livecoach-dev/configs/nolt/variables/ssosecretkey  
 
[debug] [2021-01-27T09:36:37.304Z] <<< HTTP RESPONSE 200 {"content-type":"application/json; charset=UTF-8","vary":"X-Origin, Referer, Origin,Accept-Encoding","date":"Wed, 27 Jan 2021 09:36:37 GMT","server":"ESF","cache-control":"private","x-xss-protection":"0","x-frame-options":"SAMEORIGIN","x-content-type-options":"nosniff","alt-svc":"h3-29=\":443\"; ma=2592000,h3-T051=\":443\"; ma=2592000,h3-Q050=\":443\"; ma=2592000,h3-Q046=\":443\"; ma=2592000,h3-Q043=\":443\"; ma=2592000,quic=\":443\"; ma=2592000; v=\"46,43\"","accept-ranges":"none","transfer-encoding":"chunked"}
[debug] [2021-01-27T09:36:37.304Z] >>> HTTP REQUEST GET https://runtimeconfig.googleapis.com/v1beta1/projects/livecoach-dev/configs/rebrandly/variables/apikey  
 
[debug] [2021-01-27T09:36:37.305Z] <<< HTTP RESPONSE 200 {"content-type":"application/json; charset=UTF-8","vary":"X-Origin, Referer, Origin,Accept-Encoding","date":"Wed, 27 Jan 2021 09:36:37 GMT","server":"ESF","cache-control":"private","x-xss-protection":"0","x-frame-options":"SAMEORIGIN","x-content-type-options":"nosniff","alt-svc":"h3-29=\":443\"; ma=2592000,h3-T051=\":443\"; ma=2592000,h3-Q050=\":443\"; ma=2592000,h3-Q046=\":443\"; ma=2592000,h3-Q043=\":443\"; ma=2592000,quic=\":443\"; ma=2592000; v=\"46,43\"","accept-ranges":"none","transfer-encoding":"chunked"}
[debug] [2021-01-27T09:36:37.305Z] >>> HTTP REQUEST GET https://runtimeconfig.googleapis.com/v1beta1/projects/livecoach-dev/configs/algolia/variables/adminkey  
 
[debug] [2021-01-27T09:36:37.305Z] >>> HTTP REQUEST GET https://runtimeconfig.googleapis.com/v1beta1/projects/livecoach-dev/configs/algolia/variables/appid  
 
[debug] [2021-01-27T09:36:37.306Z] <<< HTTP RESPONSE 200 {"content-type":"application/json; charset=UTF-8","vary":"X-Origin, Referer, Origin,Accept-Encoding","date":"Wed, 27 Jan 2021 09:36:37 GMT","server":"ESF","cache-control":"private","x-xss-protection":"0","x-frame-options":"SAMEORIGIN","x-content-type-options":"nosniff","alt-svc":"h3-29=\":443\"; ma=2592000,h3-T051=\":443\"; ma=2592000,h3-Q050=\":443\"; ma=2592000,h3-Q046=\":443\"; ma=2592000,h3-Q043=\":443\"; ma=2592000,quic=\":443\"; ma=2592000; v=\"46,43\"","accept-ranges":"none","transfer-encoding":"chunked"}
[debug] [2021-01-27T09:36:37.306Z] >>> HTTP REQUEST GET https://runtimeconfig.googleapis.com/v1beta1/projects/livecoach-dev/configs/twilio/variables/accountsid  
 
[debug] [2021-01-27T09:36:37.307Z] >>> HTTP REQUEST GET https://runtimeconfig.googleapis.com/v1beta1/projects/livecoach-dev/configs/twilio/variables/authtoken  
 
[debug] [2021-01-27T09:36:37.307Z] <<< HTTP RESPONSE 200 {"content-type":"application/json; charset=UTF-8","vary":"X-Origin, Referer, Origin,Accept-Encoding","date":"Wed, 27 Jan 2021 09:36:37 GMT","server":"ESF","cache-control":"private","x-xss-protection":"0","x-frame-options":"SAMEORIGIN","x-content-type-options":"nosniff","alt-svc":"h3-29=\":443\"; ma=2592000,h3-T051=\":443\"; ma=2592000,h3-Q050=\":443\"; ma=2592000,h3-Q046=\":443\"; ma=2592000,h3-Q043=\":443\"; ma=2592000,quic=\":443\"; ma=2592000; v=\"46,43\"","accept-ranges":"none","transfer-encoding":"chunked"}
[debug] [2021-01-27T09:36:37.307Z] >>> HTTP REQUEST GET https://runtimeconfig.googleapis.com/v1beta1/projects/livecoach-dev/configs/nodemailer/variables/donotreply/password  
 
[debug] [2021-01-27T09:36:37.308Z] <<< HTTP RESPONSE 200 {"content-type":"application/json; charset=UTF-8","vary":"X-Origin, Referer, Origin,Accept-Encoding","date":"Wed, 27 Jan 2021 09:36:37 GMT","server":"ESF","cache-control":"private","x-xss-protection":"0","x-frame-options":"SAMEORIGIN","x-content-type-options":"nosniff","alt-svc":"h3-29=\":443\"; ma=2592000,h3-T051=\":443\"; ma=2592000,h3-Q050=\":443\"; ma=2592000,h3-Q046=\":443\"; ma=2592000,h3-Q043=\":443\"; ma=2592000,quic=\":443\"; ma=2592000; v=\"46,43\"","accept-ranges":"none","transfer-encoding":"chunked"}
[debug] [2021-01-27T09:36:37.308Z] >>> HTTP REQUEST GET https://runtimeconfig.googleapis.com/v1beta1/projects/livecoach-dev/configs/bucket/variables/name  
 
[debug] [2021-01-27T09:36:37.309Z] <<< HTTP RESPONSE 200 {"content-type":"application/json; charset=UTF-8","vary":"X-Origin, Referer, Origin,Accept-Encoding","date":"Wed, 27 Jan 2021 09:36:37 GMT","server":"ESF","cache-control":"private","x-xss-protection":"0","x-frame-options":"SAMEORIGIN","x-content-type-options":"nosniff","alt-svc":"h3-29=\":443\"; ma=2592000,h3-T051=\":443\"; ma=2592000,h3-Q050=\":443\"; ma=2592000,h3-Q046=\":443\"; ma=2592000,h3-Q043=\":443\"; ma=2592000,quic=\":443\"; ma=2592000; v=\"46,43\"","accept-ranges":"none","transfer-encoding":"chunked"}
[debug] [2021-01-27T09:36:37.309Z] >>> HTTP REQUEST GET https://runtimeconfig.googleapis.com/v1beta1/projects/livecoach-dev/configs/openx/variables/appid  
 
[debug] [2021-01-27T09:36:37.310Z] <<< HTTP RESPONSE 200 {"content-type":"application/json; charset=UTF-8","vary":"X-Origin, Referer, Origin,Accept-Encoding","date":"Wed, 27 Jan 2021 09:36:37 GMT","server":"ESF","cache-control":"private","x-xss-protection":"0","x-frame-options":"SAMEORIGIN","x-content-type-options":"nosniff","alt-svc":"h3-29=\":443\"; ma=2592000,h3-T051=\":443\"; ma=2592000,h3-Q050=\":443\"; ma=2592000,h3-Q046=\":443\"; ma=2592000,h3-Q043=\":443\"; ma=2592000,quic=\":443\"; ma=2592000; v=\"46,43\"","accept-ranges":"none","transfer-encoding":"chunked"}
[debug] [2021-01-27T09:36:37.310Z] >>> HTTP REQUEST GET https://runtimeconfig.googleapis.com/v1beta1/projects/livecoach-dev/configs/mailchimp/variables/appid  
 
[debug] [2021-01-27T09:36:37.493Z] <<< HTTP RESPONSE 200 {"content-type":"application/json; charset=UTF-8","vary":"X-Origin, Referer, Origin,Accept-Encoding","date":"Wed, 27 Jan 2021 09:36:37 GMT","server":"ESF","cache-control":"private","x-xss-protection":"0","x-frame-options":"SAMEORIGIN","x-content-type-options":"nosniff","alt-svc":"h3-29=\":443\"; ma=2592000,h3-T051=\":443\"; ma=2592000,h3-Q050=\":443\"; ma=2592000,h3-Q046=\":443\"; ma=2592000,h3-Q043=\":443\"; ma=2592000,quic=\":443\"; ma=2592000; v=\"46,43\"","accept-ranges":"none","transfer-encoding":"chunked"}
[debug] [2021-01-27T09:36:37.495Z] <<< HTTP RESPONSE 200 {"content-type":"application/json; charset=UTF-8","vary":"X-Origin, Referer, Origin,Accept-Encoding","date":"Wed, 27 Jan 2021 09:36:37 GMT","server":"ESF","cache-control":"private","x-xss-protection":"0","x-frame-options":"SAMEORIGIN","x-content-type-options":"nosniff","alt-svc":"h3-29=\":443\"; ma=2592000,h3-T051=\":443\"; ma=2592000,h3-Q050=\":443\"; ma=2592000,h3-Q046=\":443\"; ma=2592000,h3-Q043=\":443\"; ma=2592000,quic=\":443\"; ma=2592000; v=\"46,43\"","accept-ranges":"none","transfer-encoding":"chunked"}
[debug] [2021-01-27T09:36:37.502Z] <<< HTTP RESPONSE 200 {"content-type":"application/json; charset=UTF-8","vary":"X-Origin, Referer, Origin,Accept-Encoding","date":"Wed, 27 Jan 2021 09:36:37 GMT","server":"ESF","cache-control":"private","x-xss-protection":"0","x-frame-options":"SAMEORIGIN","x-content-type-options":"nosniff","alt-svc":"h3-29=\":443\"; ma=2592000,h3-T051=\":443\"; ma=2592000,h3-Q050=\":443\"; ma=2592000,h3-Q046=\":443\"; ma=2592000,h3-Q043=\":443\"; ma=2592000,quic=\":443\"; ma=2592000; v=\"46,43\"","accept-ranges":"none","transfer-encoding":"chunked"}
[debug] [2021-01-27T09:36:37.510Z] <<< HTTP RESPONSE 200 {"content-type":"application/json; charset=UTF-8","vary":"X-Origin, Referer, Origin,Accept-Encoding","date":"Wed, 27 Jan 2021 09:36:37 GMT","server":"ESF","cache-control":"private","x-xss-protection":"0","x-frame-options":"SAMEORIGIN","x-content-type-options":"nosniff","alt-svc":"h3-29=\":443\"; ma=2592000,h3-T051=\":443\"; ma=2592000,h3-Q050=\":443\"; ma=2592000,h3-Q046=\":443\"; ma=2592000,h3-Q043=\":443\"; ma=2592000,quic=\":443\"; ma=2592000; v=\"46,43\"","accept-ranges":"none","transfer-encoding":"chunked"}
[debug] [2021-01-27T09:36:37.512Z] <<< HTTP RESPONSE 200 {"content-type":"application/json; charset=UTF-8","vary":"X-Origin, Referer, Origin,Accept-Encoding","date":"Wed, 27 Jan 2021 09:36:37 GMT","server":"ESF","cache-control":"private","x-xss-protection":"0","x-frame-options":"SAMEORIGIN","x-content-type-options":"nosniff","alt-svc":"h3-29=\":443\"; ma=2592000,h3-T051=\":443\"; ma=2592000,h3-Q050=\":443\"; ma=2592000,h3-Q046=\":443\"; ma=2592000,h3-Q043=\":443\"; ma=2592000,quic=\":443\"; ma=2592000; v=\"46,43\"","accept-ranges":"none","transfer-encoding":"chunked"}
[debug] [2021-01-27T09:36:37.513Z] <<< HTTP RESPONSE 200 {"content-type":"application/json; charset=UTF-8","vary":"X-Origin, Referer, Origin,Accept-Encoding","date":"Wed, 27 Jan 2021 09:36:37 GMT","server":"ESF","cache-control":"private","x-xss-protection":"0","x-frame-options":"SAMEORIGIN","x-content-type-options":"nosniff","alt-svc":"h3-29=\":443\"; ma=2592000,h3-T051=\":443\"; ma=2592000,h3-Q050=\":443\"; ma=2592000,h3-Q046=\":443\"; ma=2592000,h3-Q043=\":443\"; ma=2592000,quic=\":443\"; ma=2592000; v=\"46,43\"","accept-ranges":"none","transfer-encoding":"chunked"}
[debug] [2021-01-27T09:36:37.514Z] <<< HTTP RESPONSE 200 {"content-type":"application/json; charset=UTF-8","vary":"X-Origin, Referer, Origin,Accept-Encoding","date":"Wed, 27 Jan 2021 09:36:37 GMT","server":"ESF","cache-control":"private","x-xss-protection":"0","x-frame-options":"SAMEORIGIN","x-content-type-options":"nosniff","alt-svc":"h3-29=\":443\"; ma=2592000,h3-T051=\":443\"; ma=2592000,h3-Q050=\":443\"; ma=2592000,h3-Q046=\":443\"; ma=2592000,h3-Q043=\":443\"; ma=2592000,quic=\":443\"; ma=2592000; v=\"46,43\"","accept-ranges":"none","transfer-encoding":"chunked"}
[debug] [2021-01-27T09:36:37.515Z] <<< HTTP RESPONSE 200 {"content-type":"application/json; charset=UTF-8","vary":"X-Origin, Referer, Origin,Accept-Encoding","date":"Wed, 27 Jan 2021 09:36:37 GMT","server":"ESF","cache-control":"private","x-xss-protection":"0","x-frame-options":"SAMEORIGIN","x-content-type-options":"nosniff","alt-svc":"h3-29=\":443\"; ma=2592000,h3-T051=\":443\"; ma=2592000,h3-Q050=\":443\"; ma=2592000,h3-Q046=\":443\"; ma=2592000,h3-Q043=\":443\"; ma=2592000,quic=\":443\"; ma=2592000; v=\"46,43\"","accept-ranges":"none","transfer-encoding":"chunked"}
[debug] [2021-01-27T09:36:37.521Z] <<< HTTP RESPONSE 200 {"content-type":"application/json; charset=UTF-8","vary":"X-Origin, Referer, Origin,Accept-Encoding","date":"Wed, 27 Jan 2021 09:36:37 GMT","server":"ESF","cache-control":"private","x-xss-protection":"0","x-frame-options":"SAMEORIGIN","x-content-type-options":"nosniff","alt-svc":"h3-29=\":443\"; ma=2592000,h3-T051=\":443\"; ma=2592000,h3-Q050=\":443\"; ma=2592000,h3-Q046=\":443\"; ma=2592000,h3-Q043=\":443\"; ma=2592000,quic=\":443\"; ma=2592000; v=\"46,43\"","accept-ranges":"none","transfer-encoding":"chunked"}
[debug] [2021-01-27T09:36:37.581Z] <<< HTTP RESPONSE 200 {"content-type":"application/json; charset=UTF-8","vary":"X-Origin, Referer, Origin,Accept-Encoding","date":"Wed, 27 Jan 2021 09:36:37 GMT","server":"ESF","cache-control":"private","x-xss-protection":"0","x-frame-options":"SAMEORIGIN","x-content-type-options":"nosniff","alt-svc":"h3-29=\":443\"; ma=2592000,h3-T051=\":443\"; ma=2592000,h3-Q050=\":443\"; ma=2592000,h3-Q046=\":443\"; ma=2592000,h3-Q043=\":443\"; ma=2592000,quic=\":443\"; ma=2592000; v=\"46,43\"","accept-ranges":"none","transfer-encoding":"chunked"}
[debug] [2021-01-27T09:36:37.582Z] <<< HTTP RESPONSE 200 {"content-type":"application/json; charset=UTF-8","vary":"X-Origin, Referer, Origin,Accept-Encoding","date":"Wed, 27 Jan 2021 09:36:37 GMT","server":"ESF","cache-control":"private","x-xss-protection":"0","x-frame-options":"SAMEORIGIN","x-content-type-options":"nosniff","alt-svc":"h3-29=\":443\"; ma=2592000,h3-T051=\":443\"; ma=2592000,h3-Q050=\":443\"; ma=2592000,h3-Q046=\":443\"; ma=2592000,h3-Q043=\":443\"; ma=2592000,quic=\":443\"; ma=2592000; v=\"46,43\"","accept-ranges":"none","transfer-encoding":"chunked"}
[debug] [2021-01-27T09:36:37.598Z] <<< HTTP RESPONSE 200 {"content-type":"application/json; charset=UTF-8","vary":"X-Origin, Referer, Origin,Accept-Encoding","date":"Wed, 27 Jan 2021 09:36:37 GMT","server":"ESF","cache-control":"private","x-xss-protection":"0","x-frame-options":"SAMEORIGIN","x-content-type-options":"nosniff","alt-svc":"h3-29=\":443\"; ma=2592000,h3-T051=\":443\"; ma=2592000,h3-Q050=\":443\"; ma=2592000,h3-Q046=\":443\"; ma=2592000,h3-Q043=\":443\"; ma=2592000,quic=\":443\"; ma=2592000; v=\"46,43\"","accept-ranges":"none","transfer-encoding":"chunked"}
[debug] [2021-01-27T09:36:37.599Z] <<< HTTP RESPONSE 200 {"content-type":"application/json; charset=UTF-8","vary":"X-Origin, Referer, Origin,Accept-Encoding","date":"Wed, 27 Jan 2021 09:36:37 GMT","server":"ESF","cache-control":"private","x-xss-protection":"0","x-frame-options":"SAMEORIGIN","x-content-type-options":"nosniff","alt-svc":"h3-29=\":443\"; ma=2592000,h3-T051=\":443\"; ma=2592000,h3-Q050=\":443\"; ma=2592000,h3-Q046=\":443\"; ma=2592000,h3-Q043=\":443\"; ma=2592000,quic=\":443\"; ma=2592000; v=\"46,43\"","accept-ranges":"none","transfer-encoding":"chunked"}
[debug] [2021-01-27T09:36:38.522Z] <<< HTTP RESPONSE 200 {"content-type":"application/json; charset=UTF-8","vary":"X-Origin, Referer, Origin,Accept-Encoding","date":"Wed, 27 Jan 2021 09:36:38 GMT","server":"ESF","cache-control":"private","x-xss-protection":"0","x-frame-options":"SAMEORIGIN","x-content-type-options":"nosniff","alt-svc":"h3-29=\":443\"; ma=2592000,h3-T051=\":443\"; ma=2592000,h3-Q050=\":443\"; ma=2592000,h3-Q046=\":443\"; ma=2592000,h3-Q043=\":443\"; ma=2592000,quic=\":443\"; ma=2592000; v=\"46,43\"","accept-ranges":"none","transfer-encoding":"chunked"}
[info] i  functions: packaged functions (32.76 MB) for uploading 
[debug] [2021-01-27T09:36:45.042Z] >>> HTTP REQUEST GET https://cloudfunctions.googleapis.com/v1/projects/livecoach-dev/locations/-/functions  
 
[debug] [2021-01-27T09:36:45.908Z] <<< HTTP RESPONSE 200 {"content-type":"application/json; charset=UTF-8","vary":"X-Origin, Referer, Origin,Accept-Encoding","date":"Wed, 27 Jan 2021 09:36:45 GMT","server":"ESF","cache-control":"private","x-xss-protection":"0","x-frame-options":"SAMEORIGIN","x-content-type-options":"nosniff","alt-svc":"h3-29=\":443\"; ma=2592000,h3-T051=\":443\"; ma=2592000,h3-Q050=\":443\"; ma=2592000,h3-Q046=\":443\"; ma=2592000,h3-Q043=\":443\"; ma=2592000,quic=\":443\"; ma=2592000; v=\"46,43\"","accept-ranges":"none","transfer-encoding":"chunked"}
[debug] [2021-01-27T09:36:45.914Z] [functions] found 1 new HTTP functions, testing setIamPolicy permission...
[debug] [2021-01-27T09:36:45.915Z] >>> HTTP REQUEST POST https://cloudresourcemanager.googleapis.com/v1/projects/livecoach-dev:testIamPermissions  
 {"permissions":["cloudfunctions.functions.setIamPolicy"]}
[debug] [2021-01-27T09:36:46.542Z] <<< HTTP RESPONSE 200 {"content-type":"application/json; charset=UTF-8","vary":"X-Origin, Referer, Origin,Accept-Encoding","date":"Wed, 27 Jan 2021 09:36:46 GMT","server":"ESF","cache-control":"private","x-xss-protection":"0","x-frame-options":"SAMEORIGIN","x-content-type-options":"nosniff","server-timing":"gfet4t7; dur=573","alt-svc":"h3-29=\":443\"; ma=2592000,h3-T051=\":443\"; ma=2592000,h3-Q050=\":443\"; ma=2592000,h3-Q046=\":443\"; ma=2592000,h3-Q043=\":443\"; ma=2592000,quic=\":443\"; ma=2592000; v=\"46,43\"","accept-ranges":"none","transfer-encoding":"chunked"}
[debug] [2021-01-27T09:36:46.543Z] [functions] found setIamPolicy permission, proceeding with deploy
[debug] [2021-01-27T09:36:46.544Z] >>> HTTP REQUEST POST https://cloudfunctions.googleapis.com/v1/projects/livecoach-dev/locations/us-central1/functions:generateUploadUrl  
 
[debug] [2021-01-27T09:36:47.428Z] <<< HTTP RESPONSE 200 {"content-type":"application/json; charset=UTF-8","vary":"X-Origin, Referer, Origin,Accept-Encoding","date":"Wed, 27 Jan 2021 09:36:47 GMT","server":"ESF","cache-control":"private","x-xss-protection":"0","x-frame-options":"SAMEORIGIN","x-content-type-options":"nosniff","alt-svc":"h3-29=\":443\"; ma=2592000,h3-T051=\":443\"; ma=2592000,h3-Q050=\":443\"; ma=2592000,h3-Q046=\":443\"; ma=2592000,h3-Q043=\":443\"; ma=2592000,quic=\":443\"; ma=2592000; v=\"46,43\"","accept-ranges":"none","transfer-encoding":"chunked"}
[debug] [2021-01-27T09:36:47.429Z] >>> HTTP REQUEST PUT https://storage.googleapis.com/gcf-upload-us-central1-dd7d93e3-8e8a-4a12-bc3b-7de39316b0fe/0184446c-1f86-4c13-8584-4e941b5feac6.zip?GoogleAccessId=service-1000559055215@gcf-admin-robot.iam.gserviceaccount.com&Expires=1611742007&Signature=gaNTz3ptBKjNIasaqn4u7W%2BU%2FwGUd7lMng%2FdWPlrezTbIqfrxLhXpFEWkRkgVyKvAHi8WR%2BibNLcFxYw2ZmsFwjdu%2By4j66Trua8C5fmoAeM5pk74s%2FQTXFTRVnxFTv9FF9K9Db7XYGoPrUpUKsNkN0%2FDRTboVx8kL%2F7skU8XYGt73vUFg2DyxFmJuk6Ub20LFYeZDcWgCSrkp3UDB7dq3XvOb6ijQJXzmJwzX2MgpJo0SZ2jpaIz5A5vmt9WobAKUVD3Aq3xbUB1XAyZaJtzjwzcGUYR6c5VTwpuprtlQwyI8g7px7fTGvi8HHsIDpHME%2Fr4ukfsLOFw0%2BkWCPVGQ%3D%3D  
 <request body omitted>
[debug] [2021-01-27T09:36:52.163Z] <<< HTTP RESPONSE 200 {"x-guploader-uploadid":"ABg5-UyCSfL6ANgj3QxSsWMiP7wSt157OGaDbp4rIIFyAzrvcqrdI7SNzhPDKdALz0_GIFRZ7hQHCzm4cl5d9FmxYuag0a7xoQ","etag":"\"8804047b93e05f4027cba2a190dfd024\"","x-goog-generation":"1611740212055909","x-goog-metageneration":"1","x-goog-hash":"crc32c=uZalKg==, md5=iAQEe5PgX0Any6KhkN/QJA==","x-goog-stored-content-length":"34353479","x-goog-stored-content-encoding":"identity","vary":"Origin","content-length":"0","date":"Wed, 27 Jan 2021 09:36:52 GMT","server":"UploadServer","content-type":"text/html; charset=UTF-8","alt-svc":"h3-29=\":443\"; ma=2592000,h3-T051=\":443\"; ma=2592000,h3-Q050=\":443\"; ma=2592000,h3-Q046=\":443\"; ma=2592000,h3-Q043=\":443\"; ma=2592000,quic=\":443\"; ma=2592000; v=\"46,43\""}
[info] ✔  functions: functions folder uploaded successfully 
[info] i  functions: creating Node.js 10 function getUserPhoto(us-central1)... 
[debug] [2021-01-27T09:36:52.170Z] Trigger is:  {"httpsTrigger":{}}
[info] i  functions: updating Node.js 10 function ssr(us-central1)... 
[debug] [2021-01-27T09:36:52.172Z] Trigger is:  {"httpsTrigger":{}}
[info] i  functions: updating Node.js 10 function updateMailingListUserEmail(us-central1)... 
[debug] [2021-01-27T09:36:52.174Z] Trigger is:  {"httpsTrigger":{}}
[info] i  functions: updating Node.js 10 function updateMailingListUserName(us-central1)... 
[debug] [2021-01-27T09:36:52.174Z] Trigger is:  {"httpsTrigger":{}}
[info] i  functions: updating Node.js 10 function createDbUserWithType(us-central1)... 
[debug] [2021-01-27T09:36:52.174Z] Trigger is:  {"httpsTrigger":{}}
[info] i  functions: updating Node.js 10 function createAdminUser(us-central1)... 
[debug] [2021-01-27T09:36:52.175Z] Trigger is:  {"httpsTrigger":{}}
[info] i  functions: updating Node.js 10 function recursiveDeleteUserData(us-central1)... 
[debug] [2021-01-27T09:36:52.175Z] Trigger is:  {"httpsTrigger":{}}
[info] i  functions: updating Node.js 10 function adminChangeUserType(us-central1)... 
[debug] [2021-01-27T09:36:52.175Z] Trigger is:  {"httpsTrigger":{}}
[info] i  functions: updating Node.js 10 function postNewMessage(us-central1)... 
[debug] [2021-01-27T09:36:52.183Z] Trigger is:  {"httpsTrigger":{}}
[info] i  functions: updating Node.js 10 function generateJWT(us-central1)... 
[debug] [2021-01-27T09:36:52.183Z] Trigger is:  {"httpsTrigger":{}}
[info] i  functions: updating Node.js 10 function generateCoachProfileShortUrl(us-central1)... 
[debug] [2021-01-27T09:36:52.183Z] Trigger is:  {"httpsTrigger":{}}
[info] i  functions: updating Node.js 10 function scheduledFunctionUpdateRates(us-central1)... 
[debug] [2021-01-27T09:36:52.183Z] Trigger is:  {"eventTrigger":{"resource":"projects/livecoach-dev/topics/firebase-schedule-scheduledFunctionUpdateRates-us-central1","eventType":"google.pubsub.topic.publish","service":"pubsub.googleapis.com"}}
[info] i  functions: updating Node.js 10 function manualUpdateRates(us-central1)... 
[debug] [2021-01-27T09:36:52.184Z] Trigger is:  {"httpsTrigger":{}}
[info] i  functions: updating Node.js 10 function completeStripeConnect(us-central1)... 
[debug] [2021-01-27T09:36:52.184Z] Trigger is:  {"httpsTrigger":{}}
[info] i  functions: updating Node.js 10 function stripeCreateLoginLink(us-central1)... 
[debug] [2021-01-27T09:36:52.184Z] Trigger is:  {"httpsTrigger":{}}
[info] i  functions: updating Node.js 10 function stripeRetrieveBalance(us-central1)... 
[debug] [2021-01-27T09:36:52.184Z] Trigger is:  {"httpsTrigger":{}}
[info] i  functions: updating Node.js 10 function stripeCreatePaymentIntent(us-central1)... 
[debug] [2021-01-27T09:36:52.198Z] Trigger is:  {"httpsTrigger":{}}
[info] i  functions: updating Node.js 10 function stripeWebhookEvent(us-central1)... 
[debug] [2021-01-27T09:36:52.198Z] Trigger is:  {"httpsTrigger":{}}
[info] i  functions: updating Node.js 10 function stripeWebhookConnectedEvent(us-central1)... 
[debug] [2021-01-27T09:36:52.199Z] Trigger is:  {"httpsTrigger":{}}
[info] i  functions: updating Node.js 10 function completeFreeCourseEnrollment(us-central1)... 
[debug] [2021-01-27T09:36:52.199Z] Trigger is:  {"httpsTrigger":{}}
[info] i  functions: updating Node.js 10 function requestRefund(us-central1)... 
[debug] [2021-01-27T09:36:52.199Z] Trigger is:  {"httpsTrigger":{}}
[info] i  functions: updating Node.js 10 function approveRefund(us-central1)... 
[debug] [2021-01-27T09:36:52.199Z] Trigger is:  {"httpsTrigger":{}}
[info] i  functions: updating Node.js 10 function adminApproveCourseReview(us-central1)... 
[debug] [2021-01-27T09:36:52.199Z] Trigger is:  {"httpsTrigger":{}}
[info] i  functions: updating Node.js 10 function adminRejectCourseReview(us-central1)... 
[debug] [2021-01-27T09:36:52.200Z] Trigger is:  {"httpsTrigger":{}}
[info] i  functions: updating Node.js 10 function adminApproveProgramReview(us-central1)... 
[debug] [2021-01-27T09:36:52.207Z] Trigger is:  {"httpsTrigger":{}}
[info] i  functions: updating Node.js 10 function adminRejectProgramReview(us-central1)... 
[debug] [2021-01-27T09:36:52.207Z] Trigger is:  {"httpsTrigger":{}}
[info] i  functions: updating Node.js 10 function adminApproveServiceReview(us-central1)... 
[debug] [2021-01-27T09:36:52.207Z] Trigger is:  {"httpsTrigger":{}}
[info] i  functions: updating Node.js 10 function adminRejectServiceReview(us-central1)... 
[debug] [2021-01-27T09:36:52.208Z] Trigger is:  {"httpsTrigger":{}}
[info] i  functions: updating Node.js 10 function sendCoachInvite(us-central1)... 
[debug] [2021-01-27T09:36:52.208Z] Trigger is:  {"httpsTrigger":{}}
[info] i  functions: updating Node.js 10 function orderCoachSession(us-central1)... 
[debug] [2021-01-27T09:36:52.209Z] Trigger is:  {"httpsTrigger":{}}
[info] i  functions: updating Node.js 10 function cancelCoachSession(us-central1)... 
[debug] [2021-01-27T09:36:52.209Z] Trigger is:  {"httpsTrigger":{}}
[info] i  functions: updating Node.js 10 function coachMarkSessionComplete(us-central1)... 
[debug] [2021-01-27T09:36:52.211Z] Trigger is:  {"httpsTrigger":{}}
[info] i  functions: updating Node.js 10 function getTwilioToken(us-central1)... 
[debug] [2021-01-27T09:36:52.211Z] Trigger is:  {"httpsTrigger":{}}
[info] i  functions: updating Node.js 10 function getInfoAboutCurrentVideoSession(us-central1)... 
[debug] [2021-01-27T09:36:52.211Z] Trigger is:  {"httpsTrigger":{}}
[info] i  functions: updating Node.js 10 function abortVideoSession(us-central1)... 
[debug] [2021-01-27T09:36:52.212Z] Trigger is:  {"httpsTrigger":{}}
[info] i  functions: updating Node.js 10 function onWriteUserProfileNode(us-central1)... 
[debug] [2021-01-27T09:36:52.212Z] Trigger is:  {"eventTrigger":{"resource":"projects/livecoach-dev/databases/(default)/documents/users/{uid}/profile/{profileId}","eventType":"providers/cloud.firestore/eventTypes/document.write","service":"firestore.googleapis.com"}}
[info] i  functions: updating Node.js 10 function onWritePublicCoachesNode(us-central1)... 
[debug] [2021-01-27T09:36:52.212Z] Trigger is:  {"eventTrigger":{"resource":"projects/livecoach-dev/databases/(default)/documents/public-coaches/{docId}","eventType":"providers/cloud.firestore/eventTypes/document.write","service":"firestore.googleapis.com"}}
[info] i  functions: updating Node.js 10 function onWriteUserAccountNode(us-central1)... 
[debug] [2021-01-27T09:36:52.212Z] Trigger is:  {"eventTrigger":{"resource":"projects/livecoach-dev/databases/(default)/documents/users/{userId}/account/{docID}","eventType":"providers/cloud.firestore/eventTypes/document.write","service":"firestore.googleapis.com"}}
[info] i  functions: updating Node.js 10 function onPostNewChatMessage(us-central1)... 
[debug] [2021-01-27T09:36:52.213Z] Trigger is:  {"eventTrigger":{"resource":"projects/livecoach-dev/databases/(default)/documents/chatrooms/{roomId}/messages/{msgId}","eventType":"providers/cloud.firestore/eventTypes/document.write","service":"firestore.googleapis.com"}}
[info] i  functions: updating Node.js 10 function onUpdateUserChatRoom(us-central1)... 
[debug] [2021-01-27T09:36:52.220Z] Trigger is:  {"eventTrigger":{"resource":"projects/livecoach-dev/databases/(default)/documents/userRooms/{userId}/rooms/{roomId}","eventType":"providers/cloud.firestore/eventTypes/document.update","service":"firestore.googleapis.com"}}
[info] i  functions: updating Node.js 10 function onPostNewCourseLibraryItem(us-central1)... 
[debug] [2021-01-27T09:36:52.221Z] Trigger is:  {"eventTrigger":{"resource":"projects/livecoach-dev/databases/(default)/documents/users/{userId}/courseLibrary/{docId}","eventType":"providers/cloud.firestore/eventTypes/document.create","service":"firestore.googleapis.com"}}
[info] i  functions: updating Node.js 10 function onNewAdminCourseReviewRequest(us-central1)... 
[debug] [2021-01-27T09:36:52.221Z] Trigger is:  {"eventTrigger":{"resource":"projects/livecoach-dev/databases/(default)/documents/admin/review-requests/courses/{courseId}","eventType":"providers/cloud.firestore/eventTypes/document.create","service":"firestore.googleapis.com"}}
[info] i  functions: updating Node.js 10 function onDeleteAdminCourseReviewRequest(us-central1)... 
[debug] [2021-01-27T09:36:52.221Z] Trigger is:  {"eventTrigger":{"resource":"projects/livecoach-dev/databases/(default)/documents/admin/review-requests/courses/{courseId}","eventType":"providers/cloud.firestore/eventTypes/document.delete","service":"firestore.googleapis.com"}}
[info] i  functions: updating Node.js 10 function onWritePublicCourses(us-central1)... 
[debug] [2021-01-27T09:36:52.221Z] Trigger is:  {"eventTrigger":{"resource":"projects/livecoach-dev/databases/(default)/documents/public-courses/{courseId}","eventType":"providers/cloud.firestore/eventTypes/document.write","service":"firestore.googleapis.com"}}
[info] i  functions: updating Node.js 10 function onWritePrivateUserCourse(us-central1)... 
[debug] [2021-01-27T09:36:52.221Z] Trigger is:  {"eventTrigger":{"resource":"projects/livecoach-dev/databases/(default)/documents/users/{userId}/courses/{courseId}","eventType":"providers/cloud.firestore/eventTypes/document.write","service":"firestore.googleapis.com"}}
[info] i  functions: updating Node.js 10 function onWriteCourseReview(us-central1)... 
[debug] [2021-01-27T09:36:52.221Z] Trigger is:  {"eventTrigger":{"resource":"projects/livecoach-dev/databases/(default)/documents/course-reviews/{reviewId}","eventType":"providers/cloud.firestore/eventTypes/document.write","service":"firestore.googleapis.com"}}
[info] i  functions: updating Node.js 10 function onCreateCoursePublicQuestion(us-central1)... 
[debug] [2021-01-27T09:36:52.222Z] Trigger is:  {"eventTrigger":{"resource":"projects/livecoach-dev/databases/(default)/documents/public-course-questions/{questionId}","eventType":"providers/cloud.firestore/eventTypes/document.create","service":"firestore.googleapis.com"}}
[info] i  functions: updating Node.js 10 function onDeleteCoursePublicQuestion(us-central1)... 
[debug] [2021-01-27T09:36:52.227Z] Trigger is:  {"eventTrigger":{"resource":"projects/livecoach-dev/databases/(default)/documents/public-course-questions/{questionId}","eventType":"providers/cloud.firestore/eventTypes/document.delete","service":"firestore.googleapis.com"}}
[info] i  functions: updating Node.js 10 function onCreateCoursePublicQuestionReply(us-central1)... 
[debug] [2021-01-27T09:36:52.227Z] Trigger is:  {"eventTrigger":{"resource":"projects/livecoach-dev/databases/(default)/documents/public-course-questions/{questionId}/replies/{replyId}","eventType":"providers/cloud.firestore/eventTypes/document.create","service":"firestore.googleapis.com"}}
[info] i  functions: updating Node.js 10 function onDeleteCoursePublicQuestionReply(us-central1)... 
[debug] [2021-01-27T09:36:52.227Z] Trigger is:  {"eventTrigger":{"resource":"projects/livecoach-dev/databases/(default)/documents/public-course-questions/{questionId}/replies/{replyId}","eventType":"providers/cloud.firestore/eventTypes/document.delete","service":"firestore.googleapis.com"}}
[info] i  functions: updating Node.js 10 function onCreateCoursePublicQuestionUpvote(us-central1)... 
[debug] [2021-01-27T09:36:52.228Z] Trigger is:  {"eventTrigger":{"resource":"projects/livecoach-dev/databases/(default)/documents/public-course-questions/{questionId}/upvotes/{userId}","eventType":"providers/cloud.firestore/eventTypes/document.create","service":"firestore.googleapis.com"}}
[info] i  functions: updating Node.js 10 function onCreateCoursePublicQuestionReplyUpvote(us-central1)... 
[debug] [2021-01-27T09:36:52.228Z] Trigger is:  {"eventTrigger":{"resource":"projects/livecoach-dev/databases/(default)/documents/public-course-questions/{questionId}/replies/{replyId}/upvotes/{userId}","eventType":"providers/cloud.firestore/eventTypes/document.create","service":"firestore.googleapis.com"}}
[info] i  functions: updating Node.js 10 function onNewCrmPersonCreate(us-central1)... 
[debug] [2021-01-27T09:36:52.228Z] Trigger is:  {"eventTrigger":{"resource":"projects/livecoach-dev/databases/(default)/documents/users/{uid}/people/{personUid}","eventType":"providers/cloud.firestore/eventTypes/document.create","service":"firestore.googleapis.com"}}
[info] i  functions: updating Node.js 10 function onNewAdminProgramReviewRequest(us-central1)... 
[debug] [2021-01-27T09:36:52.228Z] Trigger is:  {"eventTrigger":{"resource":"projects/livecoach-dev/databases/(default)/documents/admin/review-requests/programs/{programId}","eventType":"providers/cloud.firestore/eventTypes/document.create","service":"firestore.googleapis.com"}}
[info] i  functions: updating Node.js 10 function onDeleteAdminProgramReviewRequest(us-central1)... 
[debug] [2021-01-27T09:36:52.233Z] Trigger is:  {"eventTrigger":{"resource":"projects/livecoach-dev/databases/(default)/documents/admin/review-requests/programs/{programId}","eventType":"providers/cloud.firestore/eventTypes/document.delete","service":"firestore.googleapis.com"}}
[info] i  functions: updating Node.js 10 function onWritePublicPrograms(us-central1)... 
[debug] [2021-01-27T09:36:52.233Z] Trigger is:  {"eventTrigger":{"resource":"projects/livecoach-dev/databases/(default)/documents/public-programs/{programId}","eventType":"providers/cloud.firestore/eventTypes/document.write","service":"firestore.googleapis.com"}}
[info] i  functions: updating Node.js 10 function onWritePrivateUserProgram(us-central1)... 
[debug] [2021-01-27T09:36:52.234Z] Trigger is:  {"eventTrigger":{"resource":"projects/livecoach-dev/databases/(default)/documents/users/{userId}/programs/{programId}","eventType":"providers/cloud.firestore/eventTypes/document.write","service":"firestore.googleapis.com"}}
[info] i  functions: updating Node.js 10 function onWriteProgramReview(us-central1)... 
[debug] [2021-01-27T09:36:52.234Z] Trigger is:  {"eventTrigger":{"resource":"projects/livecoach-dev/databases/(default)/documents/program-reviews/{reviewId}","eventType":"providers/cloud.firestore/eventTypes/document.write","service":"firestore.googleapis.com"}}
[info] i  functions: updating Node.js 10 function onNewAdminServiceReviewRequest(us-central1)... 
[debug] [2021-01-27T09:36:52.234Z] Trigger is:  {"eventTrigger":{"resource":"projects/livecoach-dev/databases/(default)/documents/admin/review-requests/services/{serviceId}","eventType":"providers/cloud.firestore/eventTypes/document.create","service":"firestore.googleapis.com"}}
[info] i  functions: updating Node.js 10 function onDeleteAdminServiceReviewRequest(us-central1)... 
[debug] [2021-01-27T09:36:52.234Z] Trigger is:  {"eventTrigger":{"resource":"projects/livecoach-dev/databases/(default)/documents/admin/review-requests/services/{serviceId}","eventType":"providers/cloud.firestore/eventTypes/document.delete","service":"firestore.googleapis.com"}}
[info] i  functions: updating Node.js 10 function onWritePublicServices(us-central1)... 
[debug] [2021-01-27T09:36:52.234Z] Trigger is:  {"eventTrigger":{"resource":"projects/livecoach-dev/databases/(default)/documents/public-services/{serviceId}","eventType":"providers/cloud.firestore/eventTypes/document.write","service":"firestore.googleapis.com"}}
[info] i  functions: updating Node.js 10 function onWritePrivateUserService(us-central1)... 
[debug] [2021-01-27T09:36:52.234Z] Trigger is:  {"eventTrigger":{"resource":"projects/livecoach-dev/databases/(default)/documents/users/{userId}/services/{serviceId}","eventType":"providers/cloud.firestore/eventTypes/document.write","service":"firestore.googleapis.com"}}
[info] i  functions: updating Node.js 10 function onWriteServiceReview(us-central1)... 
[debug] [2021-01-27T09:36:52.239Z] Trigger is:  {"eventTrigger":{"resource":"projects/livecoach-dev/databases/(default)/documents/service-reviews/{reviewId}","eventType":"providers/cloud.firestore/eventTypes/document.write","service":"firestore.googleapis.com"}}
[info] i  functions: updating Node.js 10 function onWriteUserCalendar(us-central1)... 
[debug] [2021-01-27T09:36:52.239Z] Trigger is:  {"eventTrigger":{"resource":"projects/livecoach-dev/databases/(default)/documents/users/{uid}/calendar/{eventId}","eventType":"providers/cloud.firestore/eventTypes/document.write","service":"firestore.googleapis.com"}}
[info] i  functions: updating Node.js 10 function updateAllProfilesInSequence(us-central1)... 
[debug] [2021-01-27T09:36:52.239Z] Trigger is:  {"httpsTrigger":{}}
[info] i  functions: updating Node.js 10 function uploadCourseImage(us-central1)... 
[debug] [2021-01-27T09:36:52.240Z] Trigger is:  {"httpsTrigger":{}}
[info] i  functions: updating Node.js 10 function uploadUserAvatar(us-central1)... 
[debug] [2021-01-27T09:36:52.240Z] Trigger is:  {"httpsTrigger":{}}
[info] i  functions: updating Node.js 10 function uploadProgramImage(us-central1)... 
[debug] [2021-01-27T09:36:52.240Z] Trigger is:  {"httpsTrigger":{}}
[info] i  functions: updating Node.js 10 function uploadServiceImage(us-central1)... 
[debug] [2021-01-27T09:36:52.240Z] Trigger is:  {"httpsTrigger":{}}
[info] i  functions: updating Node.js 10 function resizeProfileAvatars(us-central1)... 
[debug] [2021-01-27T09:36:52.240Z] Trigger is:  {"httpsTrigger":{}}
[info] i  functions: updating Node.js 10 function getCollectionDocIds(us-central1)... 
[debug] [2021-01-27T09:36:52.242Z] Trigger is:  {"httpsTrigger":{}}
[info] 
The following functions are found in your project but do not exist in your local source code:
	getSubCollections(us-central1)

If you are renaming a function or changing its region, it is recommended that you create the new function first before deleting the old one to prevent event loss. For more info, visit https://firebase.google.com/docs/functions/manage-functions#modify

