[debug] [2021-01-03T07:24:29.306Z] ----------------------------------------------------------------------
[debug] [2021-01-03T07:24:29.313Z] Command:       C:\Program Files\nodejs\node.exe C:\Users\F1r3\AppData\Roaming\npm\node_modules\firebase-tools\lib\bin\firebase.js serve --only functions
[debug] [2021-01-03T07:24:29.314Z] CLI Version:   8.15.1
[debug] [2021-01-03T07:24:29.315Z] Platform:      win32
[debug] [2021-01-03T07:24:29.315Z] Node Version:  v14.15.0
[debug] [2021-01-03T07:24:29.396Z] Time:          Sun Jan 03 2021 09:24:29 GMT+0200 (Восточная Европа, стандартное время)
[debug] [2021-01-03T07:24:29.397Z] ----------------------------------------------------------------------
[debug] [2021-01-03T07:24:29.398Z] 
[debug] [2021-01-03T07:24:29.507Z] > command requires scopes: ["email","openid","https://www.googleapis.com/auth/cloudplatformprojects.readonly","https://www.googleapis.com/auth/firebase","https://www.googleapis.com/auth/cloud-platform"]
[debug] [2021-01-03T07:24:29.508Z] > authorizing via signed-in user
[debug] [2021-01-03T07:24:29.509Z] [iam] checking project livecoach-dev for permissions ["firebase.projects.get"]
[debug] [2021-01-03T07:24:29.512Z] > refreshing access token with scopes: ["email","https://www.googleapis.com/auth/cloud-platform","https://www.googleapis.com/auth/cloudplatformprojects.readonly","https://www.googleapis.com/auth/firebase","openid"]
[debug] [2021-01-03T07:24:29.512Z] >>> HTTP REQUEST POST https://www.googleapis.com/oauth2/v3/token  
 <request body omitted>
[debug] [2021-01-03T07:24:29.769Z] <<< HTTP RESPONSE 200 {"cache-control":"no-cache, no-store, max-age=0, must-revalidate","date":"Sun, 03 Jan 2021 07:24:29 GMT","expires":"Mon, 01 Jan 1990 00:00:00 GMT","pragma":"no-cache","content-type":"application/json; charset=utf-8","vary":"X-Origin, Referer, Origin,Accept-Encoding","server":"scaffolding on HTTPServer2","x-xss-protection":"0","x-frame-options":"SAMEORIGIN","x-content-type-options":"nosniff","alt-svc":"h3-29=\":443\"; ma=2592000,h3-T051=\":443\"; ma=2592000,h3-Q050=\":443\"; ma=2592000,h3-Q046=\":443\"; ma=2592000,h3-Q043=\":443\"; ma=2592000,quic=\":443\"; ma=2592000; v=\"46,43\"","accept-ranges":"none","transfer-encoding":"chunked"}
[debug] [2021-01-03T07:24:29.831Z] >>> HTTP REQUEST POST https://cloudresourcemanager.googleapis.com/v1/projects/livecoach-dev:testIamPermissions  
 {"permissions":["firebase.projects.get"]}
[debug] [2021-01-03T07:24:30.782Z] <<< HTTP RESPONSE 200 {"content-type":"application/json; charset=UTF-8","vary":"X-Origin, Referer, Origin,Accept-Encoding","date":"Sun, 03 Jan 2021 07:24:30 GMT","server":"ESF","cache-control":"private","x-xss-protection":"0","x-frame-options":"SAMEORIGIN","x-content-type-options":"nosniff","server-timing":"gfet4t7; dur=766","alt-svc":"h3-29=\":443\"; ma=2592000,h3-T051=\":443\"; ma=2592000,h3-Q050=\":443\"; ma=2592000,h3-Q046=\":443\"; ma=2592000,h3-Q043=\":443\"; ma=2592000,quic=\":443\"; ma=2592000; v=\"46,43\"","accept-ranges":"none","transfer-encoding":"chunked"}
[debug] [2021-01-03T07:24:30.783Z] >>> HTTP REQUEST GET https://firebase.googleapis.com/v1beta1/projects/livecoach-dev  
 
[debug] [2021-01-03T07:24:31.089Z] <<< HTTP RESPONSE 200 {"content-type":"application/json; charset=UTF-8","vary":"X-Origin, Referer, Origin,Accept-Encoding","date":"Sun, 03 Jan 2021 07:24:31 GMT","server":"ESF","cache-control":"private","x-xss-protection":"0","x-frame-options":"SAMEORIGIN","x-content-type-options":"nosniff","alt-svc":"h3-29=\":443\"; ma=2592000,h3-T051=\":443\"; ma=2592000,h3-Q050=\":443\"; ma=2592000,h3-Q046=\":443\"; ma=2592000,h3-Q043=\":443\"; ma=2592000,quic=\":443\"; ma=2592000; v=\"46,43\"","accept-ranges":"none","transfer-encoding":"chunked"}
[warn] !  Your requested "node" version "10" doesn't match your global version "14" {"metadata":{"emulator":{"name":"functions"},"message":"Your requested \"node\" version \"10\" doesn't match your global version \"14\""}}
[debug] [2021-01-03T07:24:31.436Z] defaultcredentials: writing to file C:\Users\F1r3\AppData\Roaming\firebase\alex_sefer_cravter.com_application_default_credentials.json
[debug] [2021-01-03T07:24:31.474Z] Setting GAC to C:\Users\F1r3\AppData\Roaming\firebase\alex_sefer_cravter.com_application_default_credentials.json {"metadata":{"emulator":{"name":"functions"},"message":"Setting GAC to C:\\Users\\F1r3\\AppData\\Roaming\\firebase\\alex_sefer_cravter.com_application_default_credentials.json"}}
[info] i  functions: Watching "D:\greg-project\lifecoach\functions" for Cloud Functions... {"metadata":{"emulator":{"name":"functions"},"message":"Watching \"D:\\greg-project\\lifecoach\\functions\" for Cloud Functions..."}}
[debug] [2021-01-03T07:24:31.565Z] [worker-pool] addWorker(~diagnostic~) {"metadata":{"emulator":{"name":"functions"},"message":"[worker-pool] addWorker(~diagnostic~)"}}
[debug] [2021-01-03T07:24:31.565Z] [worker-pool] Adding worker with key ~diagnostic~, total=1 {"metadata":{"emulator":{"name":"functions"},"message":"[worker-pool] Adding worker with key ~diagnostic~, total=1"}}
[debug] [2021-01-03T07:24:31.566Z] [worker-pool] submitWork(triggerId=) {"metadata":{"emulator":{"name":"functions"},"message":"[worker-pool] submitWork(triggerId=)"}}
[debug] [2021-01-03T07:24:31.566Z] [worker-~diagnostic~-8781b409-5938-4ba6-9647-5b1bec4bbb7f]: Assigning socketPath: \\?\pipe\D:\greg-project\lifecoach\functions\4344 {"metadata":{"emulator":{"name":"functions"},"message":"[worker-~diagnostic~-8781b409-5938-4ba6-9647-5b1bec4bbb7f]: Assigning socketPath: \\\\?\\pipe\\D:\\greg-project\\lifecoach\\functions\\4344"}}
[debug] [2021-01-03T07:24:31.567Z] [worker-~diagnostic~-8781b409-5938-4ba6-9647-5b1bec4bbb7f]: BUSY {"metadata":{"emulator":{"name":"functions"},"message":"[worker-~diagnostic~-8781b409-5938-4ba6-9647-5b1bec4bbb7f]: BUSY"}}
[debug] [2021-01-03T07:24:32.106Z] [runtime-status] [4344] Functions runtime initialized. {"cwd":"D:\\greg-project\\lifecoach\\functions","node_version":"14.15.0"} {"metadata":{"emulator":{"name":"functions"},"message":"[runtime-status] [4344] Functions runtime initialized. {\"cwd\":\"D:\\\\greg-project\\\\lifecoach\\\\functions\",\"node_version\":\"14.15.0\"}"}}
[debug] [2021-01-03T07:24:32.112Z] [runtime-status] [4344] Disabled runtime features: undefined {"metadata":{"emulator":{"name":"functions"},"message":"[runtime-status] [4344] Disabled runtime features: undefined"}}
[debug] [2021-01-03T07:24:32.226Z] [runtime-status] [4344] Resolved module firebase-admin {"declared":true,"installed":true,"version":"8.10.0","resolution":"D:\\greg-project\\lifecoach\\functions\\node_modules\\firebase-admin\\lib\\index.js"} {"metadata":{"emulator":{"name":"functions"},"message":"[runtime-status] [4344] Resolved module firebase-admin {\"declared\":true,\"installed\":true,\"version\":\"8.10.0\",\"resolution\":\"D:\\\\greg-project\\\\lifecoach\\\\functions\\\\node_modules\\\\firebase-admin\\\\lib\\\\index.js\"}"}}
[debug] [2021-01-03T07:24:32.255Z] [runtime-status] [4344] Resolved module firebase-functions {"declared":true,"installed":true,"version":"3.11.0","resolution":"D:\\greg-project\\lifecoach\\functions\\node_modules\\firebase-functions\\lib\\index.js"} {"metadata":{"emulator":{"name":"functions"},"message":"[runtime-status] [4344] Resolved module firebase-functions {\"declared\":true,\"installed\":true,\"version\":\"3.11.0\",\"resolution\":\"D:\\\\greg-project\\\\lifecoach\\\\functions\\\\node_modules\\\\firebase-functions\\\\lib\\\\index.js\"}"}}
[debug] [2021-01-03T07:24:32.259Z] [runtime-status] [4344] Resolved module firebase-functions {"declared":true,"installed":true,"version":"3.11.0","resolution":"D:\\greg-project\\lifecoach\\functions\\node_modules\\firebase-functions\\lib\\index.js"} {"metadata":{"emulator":{"name":"functions"},"message":"[runtime-status] [4344] Resolved module firebase-functions {\"declared\":true,\"installed\":true,\"version\":\"3.11.0\",\"resolution\":\"D:\\\\greg-project\\\\lifecoach\\\\functions\\\\node_modules\\\\firebase-functions\\\\lib\\\\index.js\"}"}}
[debug] [2021-01-03T07:24:32.260Z] [runtime-status] [4344] Outgoing network have been stubbed. [{"name":"http","status":"mocked"},{"name":"http","status":"mocked"},{"name":"https","status":"mocked"},{"name":"https","status":"mocked"},{"name":"net","status":"mocked"}] {"metadata":{"emulator":{"name":"functions"},"message":"[runtime-status] [4344] Outgoing network have been stubbed. [{\"name\":\"http\",\"status\":\"mocked\"},{\"name\":\"http\",\"status\":\"mocked\"},{\"name\":\"https\",\"status\":\"mocked\"},{\"name\":\"https\",\"status\":\"mocked\"},{\"name\":\"net\",\"status\":\"mocked\"}]"}}
[debug] [2021-01-03T07:24:32.261Z] [runtime-status] [4344] Resolved module firebase-functions {"declared":true,"installed":true,"version":"3.11.0","resolution":"D:\\greg-project\\lifecoach\\functions\\node_modules\\firebase-functions\\lib\\index.js"} {"metadata":{"emulator":{"name":"functions"},"message":"[runtime-status] [4344] Resolved module firebase-functions {\"declared\":true,\"installed\":true,\"version\":\"3.11.0\",\"resolution\":\"D:\\\\greg-project\\\\lifecoach\\\\functions\\\\node_modules\\\\firebase-functions\\\\lib\\\\index.js\"}"}}
[debug] [2021-01-03T07:24:34.358Z] [runtime-status] [4344] Checked functions.config() {"config":{}} {"metadata":{"emulator":{"name":"functions"},"message":"[runtime-status] [4344] Checked functions.config() {\"config\":{}}"}}
[debug] [2021-01-03T07:24:34.359Z] [runtime-status] [4344] firebase-functions has been stubbed. {"functionsResolution":{"declared":true,"installed":true,"version":"3.11.0","resolution":"D:\\greg-project\\lifecoach\\functions\\node_modules\\firebase-functions\\lib\\index.js"}} {"metadata":{"emulator":{"name":"functions"},"message":"[runtime-status] [4344] firebase-functions has been stubbed. {\"functionsResolution\":{\"declared\":true,\"installed\":true,\"version\":\"3.11.0\",\"resolution\":\"D:\\\\greg-project\\\\lifecoach\\\\functions\\\\node_modules\\\\firebase-functions\\\\lib\\\\index.js\"}}"}}
[debug] [2021-01-03T07:24:34.360Z] [runtime-status] [4344] Resolved module firebase-functions {"declared":true,"installed":true,"version":"3.11.0","resolution":"D:\\greg-project\\lifecoach\\functions\\node_modules\\firebase-functions\\lib\\index.js"} {"metadata":{"emulator":{"name":"functions"},"message":"[runtime-status] [4344] Resolved module firebase-functions {\"declared\":true,\"installed\":true,\"version\":\"3.11.0\",\"resolution\":\"D:\\\\greg-project\\\\lifecoach\\\\functions\\\\node_modules\\\\firebase-functions\\\\lib\\\\index.js\"}"}}
[debug] [2021-01-03T07:24:34.362Z] [runtime-status] [4344] Resolved module firebase-admin {"declared":true,"installed":true,"version":"8.10.0","resolution":"D:\\greg-project\\lifecoach\\functions\\node_modules\\firebase-admin\\lib\\index.js"} {"metadata":{"emulator":{"name":"functions"},"message":"[runtime-status] [4344] Resolved module firebase-admin {\"declared\":true,\"installed\":true,\"version\":\"8.10.0\",\"resolution\":\"D:\\\\greg-project\\\\lifecoach\\\\functions\\\\node_modules\\\\firebase-admin\\\\lib\\\\index.js\"}"}}
[debug] [2021-01-03T07:24:34.362Z] [runtime-status] [4344] Resolved module firebase-functions {"declared":true,"installed":true,"version":"3.11.0","resolution":"D:\\greg-project\\lifecoach\\functions\\node_modules\\firebase-functions\\lib\\index.js"} {"metadata":{"emulator":{"name":"functions"},"message":"[runtime-status] [4344] Resolved module firebase-functions {\"declared\":true,\"installed\":true,\"version\":\"3.11.0\",\"resolution\":\"D:\\\\greg-project\\\\lifecoach\\\\functions\\\\node_modules\\\\firebase-functions\\\\lib\\\\index.js\"}"}}
[debug] [2021-01-03T07:24:34.363Z] [runtime-status] [4344] firebase-admin has been stubbed. {"adminResolution":{"declared":true,"installed":true,"version":"8.10.0","resolution":"D:\\greg-project\\lifecoach\\functions\\node_modules\\firebase-admin\\lib\\index.js"}} {"metadata":{"emulator":{"name":"functions"},"message":"[runtime-status] [4344] firebase-admin has been stubbed. {\"adminResolution\":{\"declared\":true,\"installed\":true,\"version\":\"8.10.0\",\"resolution\":\"D:\\\\greg-project\\\\lifecoach\\\\functions\\\\node_modules\\\\firebase-admin\\\\lib\\\\index.js\"}}"}}
